app/build/intermediates/manifest_merge_blame_file/release/manifest-merger-blame-release-report.txt
1<?xml version="1.0" encoding="utf-8"?>
2<manifest xmlns:android="http://schemas.android.com/apk/res/android"
3    package="randomchaos.whoopie"
4    android:versionCode="10"
5    android:versionName="1.8" >
6
7    <uses-sdk
8        android:minSdkVersion="19"
8-->src\main\AndroidManifest.xml
9        android:targetSdkVersion="30" />
9-->src\main\AndroidManifest.xml
10
11    <application
11-->src\main\AndroidManifest.xml:5:5-19:19
12        android:allowBackup="true"
12-->src\main\AndroidManifest.xml:6:9-35
13        android:appComponentFactory="androidx.core.app.CoreComponentFactory"
13-->[androidx.core:core:1.3.1] AndroidManifest.xml:24:18-86
14        android:icon="@mipmap/whoopie_icon"
14-->src\main\AndroidManifest.xml:7:9-44
15        android:label="@string/app_name"
15-->src\main\AndroidManifest.xml:8:9-41
16        android:roundIcon="@mipmap/whoopie_icon"
16-->src\main\AndroidManifest.xml:9:9-49
17        android:supportsRtl="true"
17-->src\main\AndroidManifest.xml:10:9-35
18        android:theme="@style/Theme.Whoopie" >
18-->src\main\AndroidManifest.xml:11:9-45
19        <activity android:name="randomchaos.whoopie.MainActivity" >
19-->src\main\AndroidManifest.xml:12:9-18:20
19-->src\main\AndroidManifest.xml:12:19-47
20            <intent-filter>
20-->src\main\AndroidManifest.xml:13:13-17:29
21                <action android:name="android.intent.action.MAIN" />
21-->src\main\AndroidManifest.xml:14:17-69
21-->src\main\AndroidManifest.xml:14:25-66
22
23                <category android:name="android.intent.category.LAUNCHER" />
23-->src\main\AndroidManifest.xml:16:17-77
23-->src\main\AndroidManifest.xml:16:27-74
24            </intent-filter>
25        </activity>
26    </application>
27
28</manifest>